<?xml version="1.0" encoding="UTF-8"?>
<!-- Generated by org.testng.reporters.JUnitReportReporter -->
<testsuite hostname="DESKTOP-NO5MNCJ" failures="0" tests="2" name="testcase.Shoppingcarttest" time="8.427" errors="0" timestamp="2025-01-24T23:29:58 IST" skipped="0">
  <testcase classname="testcase.Shoppingcarttest" name="shoppingcartlisttable" time="6.507"/>
  <testcase classname="testcase.Shoppingcarttest" name="cartpagetable" time="1.920"/>
</testsuite> <!-- testcase.Shoppingcarttest -->
