<?xml version="1.0" encoding="UTF-8"?>
<!-- Generated by org.testng.reporters.JUnitReportReporter -->
<testsuite hostname="DESKTOP-NO5MNCJ" failures="0" tests="1" name="testcase.Searchtest" time="0.475" errors="0" timestamp="2025-01-24T23:29:58 IST" skipped="0">
  <testcase classname="testcase.Searchtest" name="searchtest" time="0.475"/>
</testsuite> <!-- testcase.Searchtest -->
