<?xml version="1.0" encoding="UTF-8"?>
<!-- Generated by org.testng.reporters.JUnitReportReporter -->
<testsuite hostname="DESKTOP-NO5MNCJ" failures="0" tests="1" name="testcase.LoginTest" time="0.836" errors="0" timestamp="2025-01-24T23:29:58 IST" skipped="0">
  <testcase classname="testcase.LoginTest" name="logintest" time="0.836"/>
</testsuite> <!-- testcase.LoginTest -->
