<?xml version="1.0" encoding="UTF-8"?>
<!-- Generated by org.testng.reporters.JUnitReportReporter -->
<testsuite hostname="DESKTOP-NO5MNCJ" failures="0" tests="1" name="testcase.Checkout" time="0.359" errors="0" timestamp="2025-01-24T23:29:58 IST" skipped="0">
  <testcase classname="testcase.Checkout" name="checkout" time="0.359"/>
</testsuite> <!-- testcase.Checkout -->
