<?xml version="1.0" encoding="UTF-8"?>
<!-- Generated by org.testng.reporters.JUnitReportReporter -->
<testsuite hostname="DESKTOP-NO5MNCJ" failures="0" tests="2" name="testcase.Wishlisttest" time="5.520" errors="0" timestamp="2025-01-24T23:29:58 IST" skipped="0">
  <testcase classname="testcase.Wishlisttest" name="wishlistpageempty" time="2.257"/>
  <testcase classname="testcase.Wishlisttest" name="addtowishlist" time="3.263"/>
</testsuite> <!-- testcase.Wishlisttest -->
